>>> say_my_name = __import__('3-say_my_name').say_my_name

>>> say_my_name("reese", "hicks")
My name is: reese hicks

>>> say_my_name()
Traceback (most recent call last):
  File "<stdin>", line 1, in <module>
TypeError: say_my_name() missing 1 required positional argument: 'first_name'

>>> say_my_name("reese",12)
Traceback (most recent call last):
  File "<stdin>", line 1, in <module>
  File "/home/vagrant/holbertonschool-higher_level_programming/0x07-python-test_driven_development/3-say_my_name.py", line 16, in say_my_name
    raise TypeError('last_name must be a string')
TypeError: last_name must be a string

>>> say_my_name(12, "hicks")
Traceback (most recent call last):
  File "<stdin>", line 1, in <module>
  File "/home/vagrant/holbertonschool-higher_level_programming/0x07-python-test_driven_development/3-say_my_name.py", line 13, in say_my_name
    raise TypeError('first_name must be a string')
TypeError: first_name must be a string

>>> say_my_name("reese", None)
Traceback (most recent call last):
  File "<stdin>", line 1, in <module>
  File "/home/vagrant/holbertonschool-higher_level_programming/0x07-python-test_driven_development/3-say_my_name.py", line 16, in say_my_name
    raise TypeError('last_name must be a string')
TypeError: last_name must be a string

>>> say_my_name(5, 5)
Traceback (most recent call last):
  File "<stdin>", line 1, in <module>
  File "/home/vagrant/holbertonschool-higher_level_programming/0x07-python-test_driven_development/3-say_my_name.py", line 13, in say_my_name
    raise TypeError('first_name must be a string')
TypeError: first_name must be a string

>>> say_my_name("reese",)
My name is: reese 
